SF:lib\features\authentication\data\datasources\local\authentication_local_datasource.dart
DA:12,1
DA:15,1
DA:16,1
DA:17,2
DA:18,1
DA:23,1
DA:24,2
DA:27,2
DA:28,1
DA:33,1
DA:34,2
DA:37,2
DA:38,4
DA:39,1
DA:40,3
DA:44,2
DA:45,4
DA:46,1
DA:47,3
DA:50,0
DA:55,0
DA:56,0
DA:59,0
DA:63,0
DA:64,0
DA:65,0
DA:70,1
DA:73,8
DA:74,1
DA:76,2
DA:77,2
DA:78,1
DA:83,2
DA:84,2
DA:87,8
DA:88,1
DA:93,1
DA:94,2
DA:97,4
DA:98,1
DA:103,1
DA:104,2
DA:108,0
DA:112,0
DA:113,0
DA:114,0
DA:120,1
DA:123,2
DA:124,2
DA:125,1
DA:126,3
DA:129,1
DA:130,3
DA:132,0
DA:136,0
DA:137,0
DA:138,0
DA:143,1
DA:146,2
DA:147,1
DA:148,3
DA:150,1
DA:151,3
DA:153,0
DA:157,0
DA:158,0
DA:159,0
DA:164,1
DA:167,3
DA:168,1
DA:169,3
DA:171,0
DA:175,0
DA:176,0
DA:177,0
DA:182,1
DA:185,2
DA:186,1
DA:187,3
DA:189,1
DA:190,3
DA:192,0
DA:196,0
DA:197,0
DA:198,0
DA:203,1
DA:206,2
DA:207,2
DA:208,1
DA:209,1
DA:210,3
DA:212,0
DA:216,0
DA:217,0
DA:218,0
LF:95
LH:64
end_of_record
SF:lib\features\authentication\data\models\refresh_token_model.dart
DA:10,3
DA:11,3
DA:13,3
DA:14,18
DA:17,2
DA:18,12
LF:6
LH:6
end_of_record
SF:lib\features\authentication\data\repositories\authentication_repository_imp.dart
DA:8,1
DA:10,1
DA:12,2
DA:15,1
DA:17,2
DA:20,1
DA:22,2
DA:25,1
DA:27,2
DA:30,1
DA:32,2
DA:35,1
DA:37,2
DA:40,1
DA:42,2
LF:15
LH:15
end_of_record
SF:lib\core\domain\entities\response_entity.dart
DA:9,1
LF:1
LH:1
end_of_record
SF:lib\features\authentication\data\models\token_model.dart
DA:8,4
DA:10,2
DA:11,8
DA:14,1
DA:15,2
DA:16,2
LF:6
LH:6
end_of_record
SF:lib\features\authentication\domain\entities\user_entity.dart
DA:14,1
DA:27,1
DA:28,3
DA:35,1
DA:36,3
LF:5
LH:5
end_of_record
SF:lib\features\authentication\domain\entities\token_entity.dart
DA:4,2
DA:14,3
LF:2
LH:2
end_of_record
SF:lib\features\car\domain\entities\carro_entity.dart
DA:6,3
DA:8,2
DA:9,6
DA:12,2
DA:13,4
DA:14,2
LF:6
LH:6
end_of_record
SF:lib\features\car\domain\usecases\get_carros_por_cor\get_carros_por_cor_usecase_imp.dart
DA:5,1
DA:7,1
DA:8,1
DA:10,1
LF:4
LH:4
end_of_record
SF:lib\features\car\domain\usecases\salvar_carro_favorito\salvar_carro_favorito_usecase_imp.dart
DA:8,1
DA:10,1
DA:12,1
DA:13,2
LF:4
LH:4
end_of_record
