SF:lib\features\car\domain\entities\carro_entity.dart
DA:6,3
DA:8,2
DA:9,6
DA:12,2
DA:13,4
DA:14,2
LF:6
LH:6
end_of_record
SF:lib\core\domain\entities\response_entity.dart
DA:9,1
LF:1
LH:1
end_of_record
SF:lib\features\authentication\data\datasources\local\authentication_local_datasource.dart
DA:12,1
DA:15,1
DA:16,1
DA:17,2
DA:18,1
DA:23,1
DA:24,2
DA:27,2
DA:28,1
DA:33,1
DA:34,2
DA:37,2
DA:38,4
DA:39,1
DA:40,3
DA:43,0
DA:48,0
DA:49,0
DA:52,0
DA:56,0
DA:57,0
DA:58,0
DA:63,1
DA:66,2
DA:67,0
DA:69,0
DA:70,0
DA:71,0
DA:76,0
DA:77,0
DA:80,0
DA:81,0
DA:86,0
DA:87,0
DA:90,0
DA:91,0
DA:96,0
DA:97,0
DA:101,1
DA:105,1
DA:106,1
DA:107,2
DA:113,0
DA:116,0
DA:117,0
DA:118,0
DA:119,0
DA:122,0
DA:123,0
DA:125,0
DA:129,0
DA:130,0
DA:131,0
DA:136,0
DA:139,0
DA:140,0
DA:141,0
DA:143,0
DA:144,0
DA:146,0
DA:150,0
DA:151,0
DA:152,0
DA:157,0
DA:160,0
DA:161,0
DA:162,0
DA:164,0
DA:168,0
DA:169,0
DA:170,0
DA:175,0
DA:178,0
DA:179,0
DA:180,0
DA:182,0
DA:183,0
DA:185,0
DA:189,0
DA:190,0
DA:191,0
DA:196,0
DA:199,0
DA:200,0
DA:201,0
DA:202,0
DA:203,0
DA:205,0
DA:209,0
DA:210,0
DA:211,0
LF:91
LH:21
end_of_record
SF:lib\features\authentication\data\repositories\authentication_repository_imp.dart
DA:8,1
DA:10,1
DA:12,2
DA:15,1
DA:17,2
DA:20,0
DA:22,0
DA:25,0
DA:27,0
DA:30,0
DA:32,0
DA:35,0
DA:37,0
DA:40,0
DA:42,0
LF:15
LH:5
end_of_record
SF:lib\features\authentication\data\models\refresh_token_model.dart
DA:10,0
DA:11,0
DA:13,0
DA:14,0
DA:17,0
DA:18,0
DA:19,0
LF:7
LH:0
end_of_record
SF:lib\features\authentication\data\models\token_model.dart
DA:8,0
DA:10,0
DA:11,0
DA:14,0
DA:15,0
LF:5
LH:0
end_of_record
SF:lib\features\authentication\domain\entities\user_entity.dart
DA:14,1
DA:27,1
DA:28,3
DA:35,1
DA:36,3
LF:5
LH:5
end_of_record
SF:lib\features\authentication\domain\entities\token_entity.dart
DA:4,0
DA:14,0
LF:2
LH:0
end_of_record
SF:lib\features\car\domain\usecases\get_carros_por_cor\get_carros_por_cor_usecase_imp.dart
DA:5,1
DA:7,1
DA:8,1
DA:10,1
LF:4
LH:4
end_of_record
SF:lib\features\car\domain\usecases\salvar_carro_favorito\salvar_carro_favorito_usecase_imp.dart
DA:8,1
DA:10,1
DA:12,1
DA:13,2
LF:4
LH:4
end_of_record
